   0 7931.477392 90.5232 0.191571
   1 7932.157732 88.9941 0.191425
   2 7932.764764 85.9324 0.188004
   3 7933.431427 84.1661 0.18705
   4 7934.074562 81.2488 0.183836
   5 7934.643384 81.7008 0.277624
   6 7935.844590 78.3765 0.275232
   7 7936.787825 75.4565 0.272493
   8 7937.245993 74.807 0.269096
   9 7938.046063 74.2266 0.269828
  10 7938.744492 73.0681 0.268878
  11 7939.442125 71.4476 0.264942
  12 7939.973729 69.5954 0.264976
  13 7940.493402 69.5171 0.263236
  14 7942.037595 66.1384 0.168252
  15 7943.014044 65.0417 0.166066
  16 7943.949644 63.9287 0.164035
  17 7944.945575 63.3133 0.166542
  18 7945.913977 62.8827 0.16551
  19 7947.089624 62.2154 0.163315
  20 7948.449919 61.8383 0.16468
  21 7949.243097 61.7021 0.164814
  22 7949.966777 61.9399 0.164733
  23 7951.921368 60.2867 0.162854
  24 7953.026499 60.4067 0.161454
  25 7954.350360 59.1502 0.15983
  26 7955.470824 58.9935 0.162872
  27 7956.455442 58.4438 0.161196
  28 7957.890849 58.4159 0.161548
  29 7959.185503 57.8998 0.16006
  30 7960.074947 58.6605 0.160624
  31 7961.545739 57.5982 0.161465
  32 7962.492582 56.7889 0.176752
  33 7963.439671 56.7732 0.159112
  34 7964.432036 58.5952 0.161652
  35 7965.415848 57.3258 0.159779
  36 7967.013384 56.1725 0.161214
  37 7968.662699 56.9113 0.159601
